<?xml version="1.0" encoding="UTF-8"?>
<!-- Generated by org.testng.reporters.JUnitReportReporter -->
<testsuite hostname="DESKTOP-1H5FR01" failures="0" tests="3" name="com.herokuapp.theinternet.LoginTests" time="493.757" errors="0" timestamp="2022-04-19T15:59:10 IST" skipped="0">
  <testcase classname="com.herokuapp.theinternet.LoginTests" name="positiveLoginTest" time="416.952"/>
  <system-out/>
  <testcase classname="com.herokuapp.theinternet.LoginTests" name="negativeLoginTest" time="41.025"/>
  <system-out/>
  <testcase classname="com.herokuapp.theinternet.LoginTests" name="negativeLoginTest" time="35.780"/>
  <system-out/>
</testsuite> <!-- com.herokuapp.theinternet.LoginTests -->
