<?xml version="1.0" encoding="UTF-8"?>
<!-- Generated by org.testng.reporters.JUnitReportReporter -->
<testsuite hostname="DESKTOP-1H5FR01" failures="0" tests="3" name="com.herokuapp.theinternet.LoginTests" time="108.509" errors="0" timestamp="2022-04-19T15:26:23 IST" skipped="0">
  <testcase classname="com.herokuapp.theinternet.LoginTests" name="positiveLoginTest" time="37.699"/>
  <system-out/>
  <testcase classname="com.herokuapp.theinternet.LoginTests" name="negativeLoginTest" time="37.726"/>
  <system-out/>
  <testcase classname="com.herokuapp.theinternet.LoginTests" name="negativeLoginTest" time="33.084"/>
  <system-out/>
</testsuite> <!-- com.herokuapp.theinternet.LoginTests -->
