<?xml version="1.0" encoding="UTF-8"?>
<!-- Generated by org.testng.reporters.JUnitReportReporter -->
<testsuite hostname="DESKTOP-1H5FR01" failures="0" tests="2" name="com.herokuapp.theinternet.NegativeTests" time="134.449" errors="0" timestamp="2022-04-18T16:09:46 IST" skipped="0">
  <testcase classname="com.herokuapp.theinternet.NegativeTests" name="negativeLoginTest" time="77.252"/>
  <system-out/>
  <testcase classname="com.herokuapp.theinternet.NegativeTests" name="negativeLoginTest" time="57.197"/>
  <system-out/>
</testsuite> <!-- com.herokuapp.theinternet.NegativeTests -->
