<?xml version="1.0" encoding="UTF-8"?>
<!-- Generated by org.testng.reporters.JUnitReportReporter -->
<testsuite hostname="DESKTOP-1H5FR01" failures="0" tests="1" name="com.herokuapp.theinternet.PositiveTests" time="36.034" errors="0" timestamp="2022-04-13T10:57:52 IST" skipped="0">
  <testcase classname="com.herokuapp.theinternet.PositiveTests" name="loginTest" time="36.034"/>
  <system-out/>
</testsuite> <!-- com.herokuapp.theinternet.PositiveTests -->
