<?xml version="1.0" encoding="UTF-8"?>
<!-- Generated by org.testng.reporters.JUnitReportReporter -->
<testsuite hostname="DESKTOP-1H5FR01" failures="0" tests="1" name="com.herokuapp.theinternet.NegativeTests" time="60.155" errors="0" timestamp="2022-04-18T14:59:28 IST" skipped="0">
  <testcase classname="com.herokuapp.theinternet.NegativeTests" name="incorrectUserNameTest" time="60.155"/>
  <system-out/>
</testsuite> <!-- com.herokuapp.theinternet.NegativeTests -->
