<?xml version="1.0" encoding="UTF-8"?>
<!-- Generated by org.testng.reporters.JUnitReportReporter -->
<testsuite skipped="0" hostname="DESKTOP-1H5FR01" name="com.herokuapp.theinternet.PositiveTests" tests="1" failures="0" timestamp="2022-04-13T11:05:50 IST" time="37.150" errors="0">
  <testcase name="loginTest" time="37.150" classname="com.herokuapp.theinternet.PositiveTests"/>
  <system-out/>
</testsuite> <!-- com.herokuapp.theinternet.PositiveTests -->
