<?xml version="1.0" encoding="UTF-8"?>
<!-- Generated by org.testng.reporters.JUnitReportReporter -->
<testsuite skipped="0" hostname="DESKTOP-1H5FR01" name="com.herokuapp.theinternet.NegativeTests" tests="2" failures="0" timestamp="2022-04-13T11:05:50 IST" time="64.424" errors="0">
  <testcase name="incorrectUserNameTest" time="33.717" classname="com.herokuapp.theinternet.NegativeTests"/>
  <system-out/>
  <testcase name="incorrectPasswordTest" time="30.707" classname="com.herokuapp.theinternet.NegativeTests"/>
  <system-out/>
</testsuite> <!-- com.herokuapp.theinternet.NegativeTests -->
